Configuration file: /home/hpp/good-time/_config.yml
            Source: /home/hpp/good-time
       Destination: /home/hpp/good-time/_site
      Generating... done.
[2013-09-24 14:18:19] INFO  WEBrick 1.3.1
[2013-09-24 14:18:19] INFO  ruby 1.9.3 (2012-04-20) [x86_64-linux]
[2013-09-24 14:18:19] INFO  WEBrick::HTTPServer#start: pid=18234 port=4000
localhost - - [24/Sep/2013:14:18:40 CST] "GET / HTTP/1.0" 200 5761
- -> /
localhost - - [24/Sep/2013:14:18:41 CST] "GET /css/cascade_index.css HTTP/1.0" 200 2912
http://huangpanpan.com/ -> /css/cascade_index.css
localhost - - [24/Sep/2013:14:18:41 CST] "GET /css/lightbox.css HTTP/1.0" 200 4190
http://huangpanpan.com/ -> /css/lightbox.css
localhost - - [24/Sep/2013:14:18:41 CST] "GET /css/main.css HTTP/1.0" 200 2563
http://huangpanpan.com/ -> /css/main.css
localhost - - [24/Sep/2013:14:18:41 CST] "GET /css/screen.css HTTP/1.0" 200 6987
http://huangpanpan.com/ -> /css/screen.css
localhost - - [24/Sep/2013:14:18:41 CST] "GET /js/verlet-js/vec2.js HTTP/1.0" 200 5690
http://huangpanpan.com/ -> /js/verlet-js/vec2.js
localhost - - [24/Sep/2013:14:18:41 CST] "GET /css/syntax.css HTTP/1.0" 200 3738
http://huangpanpan.com/ -> /css/syntax.css
localhost - - [24/Sep/2013:14:18:41 CST] "GET /js/verlet-js/constraint.js HTTP/1.0" 200 3300
http://huangpanpan.com/ -> /js/verlet-js/constraint.js
localhost - - [24/Sep/2013:14:18:41 CST] "GET /js/verlet-js/verlet.js HTTP/1.0" 200 6180
http://huangpanpan.com/ -> /js/verlet-js/verlet.js
localhost - - [24/Sep/2013:14:18:41 CST] "GET /js/verlet-js/objects.js HTTP/1.0" 200 3515
http://huangpanpan.com/ -> /js/verlet-js/objects.js
localhost - - [24/Sep/2013:14:18:41 CST] "GET /js/tree.js HTTP/1.0" 200 2380
http://huangpanpan.com/ -> /js/tree.js
localhost - - [24/Sep/2013:14:18:41 CST] "GET /js/jquery-1.10.2.min.js HTTP/1.0" 200 93107
http://huangpanpan.com/ -> /js/jquery-1.10.2.min.js
localhost - - [24/Sep/2013:14:18:41 CST] "GET /js/modernizr.custom.js HTTP/1.0" 200 5329
http://huangpanpan.com/ -> /js/modernizr.custom.js
localhost - - [24/Sep/2013:14:18:41 CST] "GET /js/lightbox-2.6.min.js HTTP/1.0" 200 7389
http://huangpanpan.com/ -> /js/lightbox-2.6.min.js
localhost - - [24/Sep/2013:14:18:41 CST] "GET /js/cascade_index.js HTTP/1.0" 200 3939
http://huangpanpan.com/ -> /js/cascade_index.js
localhost - - [24/Sep/2013:14:18:45 CST] "GET /artwork/girl_1_small.jpg HTTP/1.0" 200 19341
http://huangpanpan.com/ -> /artwork/girl_1_small.jpg
localhost - - [24/Sep/2013:14:18:45 CST] "GET /artwork/pen_1_small.jpg HTTP/1.0" 200 3112
http://huangpanpan.com/ -> /artwork/pen_1_small.jpg
localhost - - [24/Sep/2013:14:18:45 CST] "GET /artwork/jyz_small.jpg HTTP/1.0" 200 14480
http://huangpanpan.com/ -> /artwork/jyz_small.jpg
localhost - - [24/Sep/2013:14:18:45 CST] "GET /artwork/sdh_small.jpg HTTP/1.0" 200 13751
http://huangpanpan.com/ -> /artwork/sdh_small.jpg
localhost - - [24/Sep/2013:14:18:45 CST] "GET /artwork/xsh_small.jpg HTTP/1.0" 200 16145
http://huangpanpan.com/ -> /artwork/xsh_small.jpg
localhost - - [24/Sep/2013:14:18:45 CST] "GET /artwork/noface_small.jpg HTTP/1.0" 200 8129
http://huangpanpan.com/ -> /artwork/noface_small.jpg
localhost - - [24/Sep/2013:14:18:45 CST] "GET /artwork/pen_2_small.jpg HTTP/1.0" 200 8308
http://huangpanpan.com/ -> /artwork/pen_2_small.jpg
localhost - - [24/Sep/2013:14:18:45 CST] "GET /artwork/lj_small.jpg HTTP/1.0" 200 15323
http://huangpanpan.com/ -> /artwork/lj_small.jpg
localhost - - [24/Sep/2013:14:18:45 CST] "GET /icon/gmail.png HTTP/1.0" 200 4782
http://huangpanpan.com/ -> /icon/gmail.png
localhost - - [24/Sep/2013:14:18:45 CST] "GET /icon/github_icon.png HTTP/1.0" 200 17223
http://huangpanpan.com/ -> /icon/github_icon.png
localhost - - [24/Sep/2013:14:18:45 CST] "GET /icon/weibo.png HTTP/1.0" 200 6358
http://huangpanpan.com/ -> /icon/weibo.png
localhost - - [24/Sep/2013:14:18:45 CST] "GET /img/close.png HTTP/1.0" 200 280
http://huangpanpan.com/ -> /img/close.png
localhost - - [24/Sep/2013:14:18:45 CST] "GET /img/loading.gif HTTP/1.0" 200 8476
http://huangpanpan.com/ -> /img/loading.gif
localhost - - [24/Sep/2013:14:18:45 CST] "GET /img/prev.png HTTP/1.0" 200 1360
http://huangpanpan.com/ -> /img/prev.png
localhost - - [24/Sep/2013:14:18:46 CST] "GET /img/next.png HTTP/1.0" 200 1350
http://huangpanpan.com/ -> /img/next.png
localhost - - [24/Sep/2013:14:18:46 CST] "GET /icon/logo-2x.png HTTP/1.0" 200 46587
http://huangpanpan.com/ -> /icon/logo-2x.png
localhost - - [24/Sep/2013:14:18:46 CST] "GET /icon/HTML5_1Color_Black.svg HTTP/1.0" 200 1857
http://huangpanpan.com/ -> /icon/HTML5_1Color_Black.svg
localhost - - [24/Sep/2013:14:18:47 CST] "GET /favicon.ico HTTP/1.0" 200 766
- -> /favicon.ico
Configuration file: /home/hpp/good-time/_config.yml
            Source: /home/hpp/good-time
       Destination: /home/hpp/good-time/_site
      Generating... done.
 Auto-regeneration: enabled
[2013-09-24 14:21:11] INFO  WEBrick 1.3.1
[2013-09-24 14:21:11] INFO  ruby 1.9.3 (2012-04-20) [x86_64-linux]
[2013-09-24 14:21:11] INFO  WEBrick::HTTPServer#start: pid=18905 port=4000
      Regenerating: 1 files at 2013-09-24 14:21:12 ...done.
      Regenerating: 1 files at 2013-09-24 14:21:13 ...done.
      Regenerating: 1 files at 2013-09-24 14:21:15 ...done.
      Regenerating: 1 files at 2013-09-24 14:21:16 ...done.
      Regenerating: 1 files at 2013-09-24 14:21:17 ...done.
      Regenerating: 1 files at 2013-09-24 14:21:18 localhost - - [24/Sep/2013:14:21:19 CST] "GET / HTTP/1.0" 200 5761
- -> /
...done.
      Regenerating: 1 files at 2013-09-24 14:21:20 localhost - - [24/Sep/2013:14:21:20 CST] "GET /css/cascade_index.css HTTP/1.0" 200 2912
http://huangpanpan.com/ -> /css/cascade_index.css
localhost - - [24/Sep/2013:14:21:20 CST] "GET /css/syntax.css HTTP/1.0" 200 3738
http://huangpanpan.com/ -> /css/syntax.css
localhost - - [24/Sep/2013:14:21:20 CST] "GET /css/screen.css HTTP/1.0" 200 6987
http://huangpanpan.com/ -> /css/screen.css
localhost - - [24/Sep/2013:14:21:20 CST] "GET /css/lightbox.css HTTP/1.0" 200 4190
http://huangpanpan.com/ -> /css/lightbox.css
localhost - - [24/Sep/2013:14:21:20 CST] "GET /css/main.css HTTP/1.0" 200 2563
http://huangpanpan.com/ -> /css/main.css
localhost - - [24/Sep/2013:14:21:20 CST] "GET /js/verlet-js/vec2.js HTTP/1.0" 200 5690
http://huangpanpan.com/ -> /js/verlet-js/vec2.js
localhost - - [24/Sep/2013:14:21:20 CST] "GET /js/verlet-js/constraint.js HTTP/1.0" 200 3300
http://huangpanpan.com/ -> /js/verlet-js/constraint.js
localhost - - [24/Sep/2013:14:21:20 CST] "GET /js/verlet-js/verlet.js HTTP/1.0" 200 6180
http://huangpanpan.com/ -> /js/verlet-js/verlet.js
localhost - - [24/Sep/2013:14:21:20 CST] "GET /js/verlet-js/objects.js HTTP/1.0" 200 3515
http://huangpanpan.com/ -> /js/verlet-js/objects.js
localhost - - [24/Sep/2013:14:21:20 CST] "GET /js/tree.js HTTP/1.0" 200 2380
http://huangpanpan.com/ -> /js/tree.js
localhost - - [24/Sep/2013:14:21:20 CST] "GET /js/jquery-1.10.2.min.js HTTP/1.0" 200 93107
http://huangpanpan.com/ -> /js/jquery-1.10.2.min.js
localhost - - [24/Sep/2013:14:21:20 CST] "GET /js/modernizr.custom.js HTTP/1.0" 200 5329
http://huangpanpan.com/ -> /js/modernizr.custom.js
localhost - - [24/Sep/2013:14:21:20 CST] "GET /js/lightbox-2.6.min.js HTTP/1.0" 200 7389
http://huangpanpan.com/ -> /js/lightbox-2.6.min.js
localhost - - [24/Sep/2013:14:21:21 CST] "GET /js/cascade_index.js HTTP/1.0" 200 3939
http://huangpanpan.com/ -> /js/cascade_index.js
...done.
      Regenerating: 1 files at 2013-09-24 14:21:21 localhost - - [24/Sep/2013:14:21:21 CST] "GET /artwork/pen_1_small.jpg HTTP/1.0" 200 3112
http://huangpanpan.com/ -> /artwork/pen_1_small.jpg
localhost - - [24/Sep/2013:14:21:21 CST] "GET /artwork/girl_1_small.jpg HTTP/1.0" 200 19341
http://huangpanpan.com/ -> /artwork/girl_1_small.jpg
localhost - - [24/Sep/2013:14:21:21 CST] "GET /artwork/jyz_small.jpg HTTP/1.0" 200 14480
http://huangpanpan.com/ -> /artwork/jyz_small.jpg
localhost - - [24/Sep/2013:14:21:21 CST] "GET /artwork/sdh_small.jpg HTTP/1.0" 200 13751
http://huangpanpan.com/ -> /artwork/sdh_small.jpg
localhost - - [24/Sep/2013:14:21:21 CST] "GET /artwork/xsh_small.jpg HTTP/1.0" 200 16145
http://huangpanpan.com/ -> /artwork/xsh_small.jpg
localhost - - [24/Sep/2013:14:21:21 CST] "GET /artwork/noface_small.jpg HTTP/1.0" 200 8129
http://huangpanpan.com/ -> /artwork/noface_small.jpg
localhost - - [24/Sep/2013:14:21:21 CST] "GET /artwork/pen_2_small.jpg HTTP/1.0" 200 8308
http://huangpanpan.com/ -> /artwork/pen_2_small.jpg
localhost - - [24/Sep/2013:14:21:21 CST] "GET /artwork/lj_small.jpg HTTP/1.0" 200 15323
http://huangpanpan.com/ -> /artwork/lj_small.jpg
localhost - - [24/Sep/2013:14:21:22 CST] "GET /img/close.png HTTP/1.0" 200 280
http://huangpanpan.com/ -> /img/close.png
localhost - - [24/Sep/2013:14:21:22 CST] "GET /icon/gmail.png HTTP/1.0" 200 4782
http://huangpanpan.com/ -> /icon/gmail.png
localhost - - [24/Sep/2013:14:21:22 CST] "GET /img/loading.gif HTTP/1.0" 200 8476
http://huangpanpan.com/ -> /img/loading.gif
localhost - - [24/Sep/2013:14:21:22 CST] "GET /img/prev.png HTTP/1.0" 200 1360
http://huangpanpan.com/ -> /img/prev.png
localhost - - [24/Sep/2013:14:21:22 CST] "GET /img/next.png HTTP/1.0" 200 1350
http://huangpanpan.com/ -> /img/next.png
localhost - - [24/Sep/2013:14:21:22 CST] "GET /icon/HTML5_1Color_Black.svg HTTP/1.0" 200 1857
http://huangpanpan.com/ -> /icon/HTML5_1Color_Black.svg
localhost - - [24/Sep/2013:14:21:22 CST] "GET /icon/github_icon.png HTTP/1.0" 200 17223
http://huangpanpan.com/ -> /icon/github_icon.png
localhost - - [24/Sep/2013:14:21:22 CST] "GET /icon/weibo.png HTTP/1.0" 200 6358
http://huangpanpan.com/ -> /icon/weibo.png
localhost - - [24/Sep/2013:14:21:22 CST] "GET /icon/logo-2x.png HTTP/1.0" 200 46587
http://huangpanpan.com/ -> /icon/logo-2x.png
...done.
      Regenerating: 1 files at 2013-09-24 14:21:22 ...done.
      Regenerating: 1 files at 2013-09-24 14:21:24 ...done.
      Regenerating: 1 files at 2013-09-24 14:21:25 ...done.
      Regenerating: 1 files at 2013-09-24 14:21:26 ...done.
      Regenerating: 1 files at 2013-09-24 14:21:27 ...done.
      Regenerating: 1 files at 2013-09-24 14:21:29 ...done.
      Regenerating: 1 files at 2013-09-24 14:21:30 ...done.
      Regenerating: 1 files at 2013-09-24 14:21:31 ...done.
      Regenerating: 1 files at 2013-09-24 14:21:33 ...done.
      Regenerating: 1 files at 2013-09-24 14:21:34 ...done.
      Regenerating: 1 files at 2013-09-24 14:21:35 ...done.
      Regenerating: 1 files at 2013-09-24 14:21:37 ...done.
      Regenerating: 1 files at 2013-09-24 14:21:38 ...done.
      Regenerating: 1 files at 2013-09-24 14:21:39 ...done.
      Regenerating: 1 files at 2013-09-24 14:21:40 ...done.
      Regenerating: 1 files at 2013-09-24 14:21:42 ...done.
      Regenerating: 1 files at 2013-09-24 14:21:43 ...done.
      Regenerating: 1 files at 2013-09-24 14:21:44 ...done.
      Regenerating: 1 files at 2013-09-24 14:21:46 ...done.
      Regenerating: 1 files at 2013-09-24 14:21:47 ...done.
      Regenerating: 1 files at 2013-09-24 14:21:48 ...done.
      Regenerating: 1 files at 2013-09-24 14:21:49 ...done.
      Regenerating: 1 files at 2013-09-24 14:21:51 ...done.
      Regenerating: 1 files at 2013-09-24 14:21:52 ...done.
      Regenerating: 1 files at 2013-09-24 14:21:53 ...done.
      Regenerating: 1 files at 2013-09-24 14:21:55 ...done.
      Regenerating: 1 files at 2013-09-24 14:21:56 ...done.
      Regenerating: 1 files at 2013-09-24 14:21:57 ...done.
      Regenerating: 1 files at 2013-09-24 14:21:58 ...done.
      Regenerating: 1 files at 2013-09-24 14:22:00 ...done.
      Regenerating: 1 files at 2013-09-24 14:22:01 ...done.
      Regenerating: 1 files at 2013-09-24 14:22:02 ...done.
      Regenerating: 1 files at 2013-09-24 14:22:04 ...done.
      Regenerating: 1 files at 2013-09-24 14:22:05 ...done.
      Regenerating: 1 files at 2013-09-24 14:22:06 ...done.
      Regenerating: 1 files at 2013-09-24 14:22:07 ...done.
      Regenerating: 1 files at 2013-09-24 14:22:09 ...done.
      Regenerating: 1 files at 2013-09-24 14:22:10 ...done.
      Regenerating: 1 files at 2013-09-24 14:22:11 ...done.
      Regenerating: 1 files at 2013-09-24 14:22:13 ...done.
      Regenerating: 1 files at 2013-09-24 14:22:14 ...done.
      Regenerating: 1 files at 2013-09-24 14:22:15 ...done.
      Regenerating: 1 files at 2013-09-24 14:22:16 ...done.
      Regenerating: 1 files at 2013-09-24 14:22:18 localhost - - [24/Sep/2013:14:22:19 CST] "GET / HTTP/1.0" 200 5761
- -> /
...done.
      Regenerating: 1 files at 2013-09-24 14:22:19 localhost - - [24/Sep/2013:14:22:19 CST] "GET /css/cascade_index.css HTTP/1.0" 304 0
http://huangpanpan.com/ -> /css/cascade_index.css
localhost - - [24/Sep/2013:14:22:19 CST] "GET /css/syntax.css HTTP/1.0" 304 0
http://huangpanpan.com/ -> /css/syntax.css
localhost - - [24/Sep/2013:14:22:19 CST] "GET /css/lightbox.css HTTP/1.0" 304 0
http://huangpanpan.com/ -> /css/lightbox.css
localhost - - [24/Sep/2013:14:22:19 CST] "GET /css/screen.css HTTP/1.0" 304 0
http://huangpanpan.com/ -> /css/screen.css
localhost - - [24/Sep/2013:14:22:19 CST] "GET /css/main.css HTTP/1.0" 304 0
http://huangpanpan.com/ -> /css/main.css
localhost - - [24/Sep/2013:14:22:19 CST] "GET /js/verlet-js/vec2.js HTTP/1.0" 304 0
http://huangpanpan.com/ -> /js/verlet-js/vec2.js
localhost - - [24/Sep/2013:14:22:19 CST] "GET /js/verlet-js/constraint.js HTTP/1.0" 304 0
http://huangpanpan.com/ -> /js/verlet-js/constraint.js
localhost - - [24/Sep/2013:14:22:19 CST] "GET /js/verlet-js/verlet.js HTTP/1.0" 304 0
http://huangpanpan.com/ -> /js/verlet-js/verlet.js
localhost - - [24/Sep/2013:14:22:19 CST] "GET /js/tree.js HTTP/1.0" 304 0
http://huangpanpan.com/ -> /js/tree.js
localhost - - [24/Sep/2013:14:22:19 CST] "GET /js/verlet-js/objects.js HTTP/1.0" 304 0
http://huangpanpan.com/ -> /js/verlet-js/objects.js
localhost - - [24/Sep/2013:14:22:19 CST] "GET /js/jquery-1.10.2.min.js HTTP/1.0" 304 0
http://huangpanpan.com/ -> /js/jquery-1.10.2.min.js
localhost - - [24/Sep/2013:14:22:19 CST] "GET /js/modernizr.custom.js HTTP/1.0" 304 0
http://huangpanpan.com/ -> /js/modernizr.custom.js
localhost - - [24/Sep/2013:14:22:19 CST] "GET /artwork/girl_1_small.jpg HTTP/1.0" 304 0
http://huangpanpan.com/ -> /artwork/girl_1_small.jpg
localhost - - [24/Sep/2013:14:22:19 CST] "GET /artwork/pen_1_small.jpg HTTP/1.0" 304 0
http://huangpanpan.com/ -> /artwork/pen_1_small.jpg
localhost - - [24/Sep/2013:14:22:19 CST] "GET /js/lightbox-2.6.min.js HTTP/1.0" 304 0
http://huangpanpan.com/ -> /js/lightbox-2.6.min.js
localhost - - [24/Sep/2013:14:22:19 CST] "GET /artwork/jyz_small.jpg HTTP/1.0" 304 0
http://huangpanpan.com/ -> /artwork/jyz_small.jpg
localhost - - [24/Sep/2013:14:22:19 CST] "GET /artwork/xsh_small.jpg HTTP/1.0" 304 0
http://huangpanpan.com/ -> /artwork/xsh_small.jpg
localhost - - [24/Sep/2013:14:22:19 CST] "GET /artwork/sdh_small.jpg HTTP/1.0" 304 0
http://huangpanpan.com/ -> /artwork/sdh_small.jpg
localhost - - [24/Sep/2013:14:22:19 CST] "GET /artwork/noface_small.jpg HTTP/1.0" 304 0
http://huangpanpan.com/ -> /artwork/noface_small.jpg
localhost - - [24/Sep/2013:14:22:19 CST] "GET /artwork/pen_2_small.jpg HTTP/1.0" 304 0
http://huangpanpan.com/ -> /artwork/pen_2_small.jpg
localhost - - [24/Sep/2013:14:22:19 CST] "GET /artwork/lj_small.jpg HTTP/1.0" 304 0
http://huangpanpan.com/ -> /artwork/lj_small.jpg
localhost - - [24/Sep/2013:14:22:19 CST] "GET /icon/github_icon.png HTTP/1.0" 304 0
http://huangpanpan.com/ -> /icon/github_icon.png
localhost - - [24/Sep/2013:14:22:19 CST] "GET /icon/weibo.png HTTP/1.0" 304 0
http://huangpanpan.com/ -> /icon/weibo.png
localhost - - [24/Sep/2013:14:22:19 CST] "GET /icon/gmail.png HTTP/1.0" 304 0
http://huangpanpan.com/ -> /icon/gmail.png
localhost - - [24/Sep/2013:14:22:19 CST] "GET /icon/logo-2x.png HTTP/1.0" 304 0
http://huangpanpan.com/ -> /icon/logo-2x.png
localhost - - [24/Sep/2013:14:22:19 CST] "GET /icon/HTML5_1Color_Black.svg HTTP/1.0" 304 0
http://huangpanpan.com/ -> /icon/HTML5_1Color_Black.svg
localhost - - [24/Sep/2013:14:22:19 CST] "GET /js/cascade_index.js HTTP/1.0" 304 0
http://huangpanpan.com/ -> /js/cascade_index.js
localhost - - [24/Sep/2013:14:22:19 CST] "GET /img/prev.png HTTP/1.0" 304 0
http://huangpanpan.com/ -> /img/prev.png
localhost - - [24/Sep/2013:14:22:19 CST] "GET /img/loading.gif HTTP/1.0" 304 0
http://huangpanpan.com/ -> /img/loading.gif
localhost - - [24/Sep/2013:14:22:19 CST] "GET /img/close.png HTTP/1.0" 304 0
http://huangpanpan.com/ -> /img/close.png
localhost - - [24/Sep/2013:14:22:19 CST] "GET /img/next.png HTTP/1.0" 304 0
http://huangpanpan.com/ -> /img/next.png
...done.
      Regenerating: 1 files at 2013-09-24 14:22:20 ...done.
      Regenerating: 1 files at 2013-09-24 14:22:22 ...done.
      Regenerating: 1 files at 2013-09-24 14:22:23 ...done.
      Regenerating: 1 files at 2013-09-24 14:22:24 ...done.
      Regenerating: 1 files at 2013-09-24 14:22:25 ...done.
      Regenerating: 1 files at 2013-09-24 14:22:27 ...done.
      Regenerating: 1 files at 2013-09-24 14:22:28 ...done.
      Regenerating: 1 files at 2013-09-24 14:22:29 ...done.
      Regenerating: 1 files at 2013-09-24 14:22:31 ...done.
      Regenerating: 1 files at 2013-09-24 14:22:32 ...done.
      Regenerating: 1 files at 2013-09-24 14:22:33 ...done.
      Regenerating: 1 files at 2013-09-24 14:22:35 ...done.
      Regenerating: 1 files at 2013-09-24 14:22:36 ...done.
      Regenerating: 1 files at 2013-09-24 14:22:37 ...done.
      Regenerating: 1 files at 2013-09-24 14:22:38 ...done.
      Regenerating: 1 files at 2013-09-24 14:22:40 ...done.
      Regenerating: 1 files at 2013-09-24 14:22:41 ...done.
      Regenerating: 1 files at 2013-09-24 14:22:42 ...done.
      Regenerating: 1 files at 2013-09-24 14:22:44 ...done.
      Regenerating: 1 files at 2013-09-24 14:22:45 ...done.
      Regenerating: 1 files at 2013-09-24 14:22:46 ...done.
      Regenerating: 1 files at 2013-09-24 14:22:47 ...done.
      Regenerating: 1 files at 2013-09-24 14:22:49 ...done.
      Regenerating: 1 files at 2013-09-24 14:22:50 ...done.
      Regenerating: 1 files at 2013-09-24 14:22:51 ...done.
      Regenerating: 1 files at 2013-09-24 14:22:53 ...done.
      Regenerating: 1 files at 2013-09-24 14:22:54 ...done.
      Regenerating: 1 files at 2013-09-24 14:22:55 ...done.
      Regenerating: 1 files at 2013-09-24 14:22:56 ...done.
      Regenerating: 1 files at 2013-09-24 14:22:58 ...done.
      Regenerating: 1 files at 2013-09-24 14:22:59 ...done.
      Regenerating: 1 files at 2013-09-24 14:23:00 ...done.
      Regenerating: 1 files at 2013-09-24 14:23:02 ...done.
      Regenerating: 1 files at 2013-09-24 14:23:03 ...done.
      Regenerating: 1 files at 2013-09-24 14:23:04 ...done.
      Regenerating: 1 files at 2013-09-24 14:23:05 ...done.
      Regenerating: 1 files at 2013-09-24 14:23:07 ...done.
      Regenerating: 1 files at 2013-09-24 14:23:08 ...done.
      Regenerating: 1 files at 2013-09-24 14:23:09 ...done.
      Regenerating: 1 files at 2013-09-24 14:23:11 ...done.
      Regenerating: 1 files at 2013-09-24 14:23:12 ...done.
      Regenerating: 1 files at 2013-09-24 14:23:13 ...done.
      Regenerating: 1 files at 2013-09-24 14:23:14 ...done.
      Regenerating: 1 files at 2013-09-24 14:23:16 ...done.
      Regenerating: 1 files at 2013-09-24 14:23:17 ...done.
      Regenerating: 1 files at 2013-09-24 14:23:18 ...done.
      Regenerating: 1 files at 2013-09-24 14:23:20 ...done.
      Regenerating: 1 files at 2013-09-24 14:23:21 ...done.
      Regenerating: 1 files at 2013-09-24 14:23:22 ...done.
      Regenerating: 1 files at 2013-09-24 14:23:23 ...done.
      Regenerating: 1 files at 2013-09-24 14:23:25 ...done.
      Regenerating: 1 files at 2013-09-24 14:23:26 ...done.
      Regenerating: 1 files at 2013-09-24 14:23:27 ...done.
      Regenerating: 1 files at 2013-09-24 14:23:29 ...done.
      Regenerating: 1 files at 2013-09-24 14:23:30 ...done.
      Regenerating: 1 files at 2013-09-24 14:23:31 ...done.
      Regenerating: 1 files at 2013-09-24 14:23:32 ...done.
      Regenerating: 1 files at 2013-09-24 14:23:34 ...done.
      Regenerating: 1 files at 2013-09-24 14:23:35 ...done.
      Regenerating: 1 files at 2013-09-24 14:23:36 ...done.
      Regenerating: 1 files at 2013-09-24 14:23:38 ...done.
      Regenerating: 1 files at 2013-09-24 14:23:39 ...done.
      Regenerating: 1 files at 2013-09-24 14:23:40 ...done.
      Regenerating: 1 files at 2013-09-24 14:23:41 ...done.
      Regenerating: 1 files at 2013-09-24 14:23:43 ...done.
      Regenerating: 1 files at 2013-09-24 14:23:44 ...done.
      Regenerating: 1 files at 2013-09-24 14:23:45 ...done.
      Regenerating: 1 files at 2013-09-24 14:23:47 ...done.
      Regenerating: 1 files at 2013-09-24 14:23:48 ...done.
      Regenerating: 1 files at 2013-09-24 14:23:49 ...done.
      Regenerating: 1 files at 2013-09-24 14:23:51 ...done.
      Regenerating: 1 files at 2013-09-24 14:23:52 ...done.
      Regenerating: 1 files at 2013-09-24 14:23:53 ...done.
      Regenerating: 1 files at 2013-09-24 14:23:54 ...done.
      Regenerating: 1 files at 2013-09-24 14:23:56 ...done.
      Regenerating: 1 files at 2013-09-24 14:23:57 ...done.
      Regenerating: 1 files at 2013-09-24 14:23:58 ...done.
      Regenerating: 1 files at 2013-09-24 14:24:00 ...done.
      Regenerating: 1 files at 2013-09-24 14:24:01 ...done.
      Regenerating: 1 files at 2013-09-24 14:24:02 ...done.
      Regenerating: 1 files at 2013-09-24 14:24:03 ...done.
      Regenerating: 1 files at 2013-09-24 14:24:05 ...done.
      Regenerating: 1 files at 2013-09-24 14:24:06 ...done.
      Regenerating: 1 files at 2013-09-24 14:24:07 ...done.
      Regenerating: 1 files at 2013-09-24 14:24:09 ...done.
      Regenerating: 1 files at 2013-09-24 14:24:10 ...done.
      Regenerating: 1 files at 2013-09-24 14:24:11 ...done.
      Regenerating: 1 files at 2013-09-24 14:24:12 ...done.
      Regenerating: 1 files at 2013-09-24 14:24:14 ...done.
      Regenerating: 1 files at 2013-09-24 14:24:15 localhost - - [24/Sep/2013:14:24:16 CST] "HEAD / HTTP/1.0" 200 0
- -> /
...done.
      Regenerating: 1 files at 2013-09-24 14:24:16 ...done.
      Regenerating: 1 files at 2013-09-24 14:24:18 localhost - - [24/Sep/2013:14:24:19 CST] "GET / HTTP/1.0" 200 5761
- -> /
localhost - - [24/Sep/2013:14:24:19 CST] "GET /js/verlet-js/vec2.js HTTP/1.0" 200 5690
http://huangpanpan.com/js/verlet-js/vec2.js -> /js/verlet-js/vec2.js
localhost - - [24/Sep/2013:14:24:19 CST] "GET /js/jquery-1.10.2.min.js HTTP/1.0" 200 93107
http://huangpanpan.com/js/jquery-1.10.2.min.js -> /js/jquery-1.10.2.min.js
localhost - - [24/Sep/2013:14:24:19 CST] "GET /js/cascade_index.js HTTP/1.0" 200 3939
http://huangpanpan.com/js/cascade_index.js -> /js/cascade_index.js
localhost - - [24/Sep/2013:14:24:19 CST] "GET /js/modernizr.custom.js HTTP/1.0" 200 5329
http://huangpanpan.com/js/modernizr.custom.js -> /js/modernizr.custom.js
localhost - - [24/Sep/2013:14:24:19 CST] "GET /js/lightbox-2.6.min.js HTTP/1.0" 200 7389
http://huangpanpan.com/js/lightbox-2.6.min.js -> /js/lightbox-2.6.min.js
localhost - - [24/Sep/2013:14:24:19 CST] "GET /js/verlet-js/verlet.js HTTP/1.0" 200 6180
http://huangpanpan.com/js/verlet-js/verlet.js -> /js/verlet-js/verlet.js
localhost - - [24/Sep/2013:14:24:19 CST] "GET /js/verlet-js/objects.js HTTP/1.0" 200 3515
http://huangpanpan.com/js/verlet-js/objects.js -> /js/verlet-js/objects.js
localhost - - [24/Sep/2013:14:24:19 CST] "GET /js/verlet-js/constraint.js HTTP/1.0" 200 3300
http://huangpanpan.com/js/verlet-js/constraint.js -> /js/verlet-js/constraint.js
localhost - - [24/Sep/2013:14:24:19 CST] "GET /js/tree.js HTTP/1.0" 200 2380
http://huangpanpan.com/js/tree.js -> /js/tree.js
...done.
      Regenerating: 1 files at 2013-09-24 14:24:19 ...done.
      Regenerating: 1 files at 2013-09-24 14:24:20 ...done.
      Regenerating: 1 files at 2013-09-24 14:24:21 localhost - - [24/Sep/2013:14:24:21 CST] "GET / HTTP/1.0" 200 5761
- -> /
localhost - - [24/Sep/2013:14:24:22 CST] "GET /css/cascade_index.css HTTP/1.0" 200 2912
http://huangpanpan.com/ -> /css/cascade_index.css
localhost - - [24/Sep/2013:14:24:22 CST] "GET /css/syntax.css HTTP/1.0" 200 3738
http://huangpanpan.com/ -> /css/syntax.css
localhost - - [24/Sep/2013:14:24:22 CST] "GET /css/lightbox.css HTTP/1.0" 200 4190
http://huangpanpan.com/ -> /css/lightbox.css
localhost - - [24/Sep/2013:14:24:22 CST] "GET /css/screen.css HTTP/1.0" 200 6987
http://huangpanpan.com/ -> /css/screen.css
localhost - - [24/Sep/2013:14:24:22 CST] "GET /css/main.css HTTP/1.0" 200 2563
http://huangpanpan.com/ -> /css/main.css
localhost - - [24/Sep/2013:14:24:22 CST] "GET /js/verlet-js/vec2.js HTTP/1.0" 200 5690
http://huangpanpan.com/ -> /js/verlet-js/vec2.js
localhost - - [24/Sep/2013:14:24:22 CST] "GET /js/verlet-js/constraint.js HTTP/1.0" 200 3300
http://huangpanpan.com/ -> /js/verlet-js/constraint.js
localhost - - [24/Sep/2013:14:24:22 CST] "GET /js/verlet-js/verlet.js HTTP/1.0" 200 6180
http://huangpanpan.com/ -> /js/verlet-js/verlet.js
localhost - - [24/Sep/2013:14:24:22 CST] "GET /js/verlet-js/objects.js HTTP/1.0" 200 3515
http://huangpanpan.com/ -> /js/verlet-js/objects.js
localhost - - [24/Sep/2013:14:24:22 CST] "GET /js/tree.js HTTP/1.0" 200 2380
http://huangpanpan.com/ -> /js/tree.js
localhost - - [24/Sep/2013:14:24:22 CST] "GET /js/jquery-1.10.2.min.js HTTP/1.0" 200 93107
http://huangpanpan.com/ -> /js/jquery-1.10.2.min.js
localhost - - [24/Sep/2013:14:24:22 CST] "GET /js/modernizr.custom.js HTTP/1.0" 200 5329
http://huangpanpan.com/ -> /js/modernizr.custom.js
localhost - - [24/Sep/2013:14:24:22 CST] "GET /js/lightbox-2.6.min.js HTTP/1.0" 200 7389
http://huangpanpan.com/ -> /js/lightbox-2.6.min.js
localhost - - [24/Sep/2013:14:24:22 CST] "GET /js/cascade_index.js HTTP/1.0" 200 3939
http://huangpanpan.com/ -> /js/cascade_index.js
localhost - - [24/Sep/2013:14:24:23 CST] "GET /artwork/jyz_small.jpg HTTP/1.0" 200 14480
http://huangpanpan.com/ -> /artwork/jyz_small.jpg
localhost - - [24/Sep/2013:14:24:23 CST] "GET /artwork/pen_1_small.jpg HTTP/1.0" 200 3112
http://huangpanpan.com/ -> /artwork/pen_1_small.jpg
localhost - - [24/Sep/2013:14:24:23 CST] "GET /artwork/noface_small.jpg HTTP/1.0" 200 8129
http://huangpanpan.com/ -> /artwork/noface_small.jpg
localhost - - [24/Sep/2013:14:24:23 CST] "GET /artwork/girl_1_small.jpg HTTP/1.0" 200 19341
http://huangpanpan.com/ -> /artwork/girl_1_small.jpg
localhost - - [24/Sep/2013:14:24:23 CST] "GET /artwork/xsh_small.jpg HTTP/1.0" 200 16145
http://huangpanpan.com/ -> /artwork/xsh_small.jpg
localhost - - [24/Sep/2013:14:24:23 CST] "GET /artwork/sdh_small.jpg HTTP/1.0" 200 13751
http://huangpanpan.com/ -> /artwork/sdh_small.jpg
...done.
      Regenerating: 1 files at 2013-09-24 14:24:23 localhost - - [24/Sep/2013:14:24:23 CST] "GET /artwork/pen_2_small.jpg HTTP/1.0" 200 8308
http://huangpanpan.com/ -> /artwork/pen_2_small.jpg
localhost - - [24/Sep/2013:14:24:23 CST] "GET /img/close.png HTTP/1.0" 200 280
http://huangpanpan.com/ -> /img/close.png
localhost - - [24/Sep/2013:14:24:23 CST] "GET /img/loading.gif HTTP/1.0" 200 8476
http://huangpanpan.com/ -> /img/loading.gif
localhost - - [24/Sep/2013:14:24:23 CST] "GET /img/prev.png HTTP/1.0" 200 1360
http://huangpanpan.com/ -> /img/prev.png
localhost - - [24/Sep/2013:14:24:23 CST] "GET /img/next.png HTTP/1.0" 200 1350
http://huangpanpan.com/ -> /img/next.png
localhost - - [24/Sep/2013:14:24:23 CST] "GET /icon/weibo.png HTTP/1.0" 200 6358
http://huangpanpan.com/ -> /icon/weibo.png
localhost - - [24/Sep/2013:14:24:23 CST] "GET /icon/HTML5_1Color_Black.svg HTTP/1.0" 200 1857
http://huangpanpan.com/ -> /icon/HTML5_1Color_Black.svg
localhost - - [24/Sep/2013:14:24:23 CST] "GET /artwork/lj_small.jpg HTTP/1.0" 200 15323
http://huangpanpan.com/ -> /artwork/lj_small.jpg
localhost - - [24/Sep/2013:14:24:23 CST] "GET /icon/logo-2x.png HTTP/1.0" 200 46587
http://huangpanpan.com/ -> /icon/logo-2x.png
localhost - - [24/Sep/2013:14:24:23 CST] "GET /icon/gmail.png HTTP/1.0" 200 4782
http://huangpanpan.com/ -> /icon/gmail.png
localhost - - [24/Sep/2013:14:24:23 CST] "GET /icon/github_icon.png HTTP/1.0" 200 17223
http://huangpanpan.com/ -> /icon/github_icon.png
...done.
      Regenerating: 1 files at 2013-09-24 14:24:24 localhost - - [24/Sep/2013:14:24:24 CST] "GET /favicon.ico HTTP/1.0" 200 766
- -> /favicon.ico
...done.
      Regenerating: 1 files at 2013-09-24 14:24:25 ...done.
      Regenerating: 1 files at 2013-09-24 14:24:27 ...done.
      Regenerating: 1 files at 2013-09-24 14:24:28 ...done.
      Regenerating: 1 files at 2013-09-24 14:24:29 ...done.
      Regenerating: 1 files at 2013-09-24 14:24:31 ...done.
      Regenerating: 1 files at 2013-09-24 14:24:32 ...done.
      Regenerating: 1 files at 2013-09-24 14:24:33 ...done.
      Regenerating: 1 files at 2013-09-24 14:24:34 ...done.
      Regenerating: 1 files at 2013-09-24 14:24:36 ...done.
      Regenerating: 1 files at 2013-09-24 14:24:37 ...done.
      Regenerating: 1 files at 2013-09-24 14:24:38 ...done.
      Regenerating: 1 files at 2013-09-24 14:24:40 ...done.
      Regenerating: 1 files at 2013-09-24 14:24:41 ...done.
      Regenerating: 1 files at 2013-09-24 14:24:42 ...done.
      Regenerating: 1 files at 2013-09-24 14:24:43 ...done.
      Regenerating: 1 files at 2013-09-24 14:24:45 ...done.
      Regenerating: 1 files at 2013-09-24 14:24:46 ...done.
      Regenerating: 1 files at 2013-09-24 14:24:47 ...done.
      Regenerating: 1 files at 2013-09-24 14:24:49 ...done.
      Regenerating: 1 files at 2013-09-24 14:24:50 ...done.
      Regenerating: 1 files at 2013-09-24 14:24:51 ...done.
      Regenerating: 1 files at 2013-09-24 14:24:53 ...done.
      Regenerating: 1 files at 2013-09-24 14:24:54 ...done.
      Regenerating: 1 files at 2013-09-24 14:24:55 ...done.
      Regenerating: 1 files at 2013-09-24 14:24:56 ...done.
      Regenerating: 1 files at 2013-09-24 14:24:58 ...done.
      Regenerating: 1 files at 2013-09-24 14:24:59 ...done.
      Regenerating: 1 files at 2013-09-24 14:25:00 ...done.
      Regenerating: 1 files at 2013-09-24 14:25:02 ...done.
      Regenerating: 1 files at 2013-09-24 14:25:03 ...done.
      Regenerating: 1 files at 2013-09-24 14:25:04 ...done.
      Regenerating: 1 files at 2013-09-24 14:25:05 ...done.
      Regenerating: 1 files at 2013-09-24 14:25:07 ...done.
      Regenerating: 1 files at 2013-09-24 14:25:08 ...done.
      Regenerating: 1 files at 2013-09-24 14:25:09 ...done.
      Regenerating: 1 files at 2013-09-24 14:25:11 ...done.
      Regenerating: 1 files at 2013-09-24 14:25:12 ...done.
      Regenerating: 1 files at 2013-09-24 14:25:13 ...done.
      Regenerating: 1 files at 2013-09-24 14:25:14 ...done.
      Regenerating: 1 files at 2013-09-24 14:25:16 ...done.
      Regenerating: 1 files at 2013-09-24 14:25:17 ...done.
      Regenerating: 1 files at 2013-09-24 14:25:18 ...done.
      Regenerating: 1 files at 2013-09-24 14:25:20 ...done.
      Regenerating: 1 files at 2013-09-24 14:25:21 ...done.
      Regenerating: 1 files at 2013-09-24 14:25:22 ...done.
      Regenerating: 1 files at 2013-09-24 14:25:23 ...done.
      Regenerating: 1 files at 2013-09-24 14:25:25 ...done.
      Regenerating: 1 files at 2013-09-24 14:25:26 ...done.
      Regenerating: 1 files at 2013-09-24 14:25:27 ...done.
      Regenerating: 1 files at 2013-09-24 14:25:29 ...done.
      Regenerating: 1 files at 2013-09-24 14:25:30 ...done.
      Regenerating: 1 files at 2013-09-24 14:25:31 ...done.
      Regenerating: 1 files at 2013-09-24 14:25:32 ...done.
      Regenerating: 1 files at 2013-09-24 14:25:34 ...done.
      Regenerating: 1 files at 2013-09-24 14:25:35 ...done.
      Regenerating: 1 files at 2013-09-24 14:25:36 ...done.
      Regenerating: 1 files at 2013-09-24 14:25:38 ...done.
      Regenerating: 1 files at 2013-09-24 14:25:39 ...done.
      Regenerating: 1 files at 2013-09-24 14:25:40 ...done.
      Regenerating: 1 files at 2013-09-24 14:25:42 ...done.
      Regenerating: 1 files at 2013-09-24 14:25:43 ...done.
      Regenerating: 1 files at 2013-09-24 14:25:44 ...done.
      Regenerating: 1 files at 2013-09-24 14:25:45 ...done.
      Regenerating: 1 files at 2013-09-24 14:25:47 ...done.
      Regenerating: 1 files at 2013-09-24 14:25:48 ...done.
      Regenerating: 1 files at 2013-09-24 14:25:49 ...done.
      Regenerating: 1 files at 2013-09-24 14:25:51 ...done.
      Regenerating: 1 files at 2013-09-24 14:25:52 ...done.
      Regenerating: 1 files at 2013-09-24 14:25:53 